<?xml version="1.0" encoding="UTF-8"?>
<testng-results ignored="0" total="1" passed="1" failed="0" skipped="0">
  <reporter-output>
  </reporter-output>
  <suite started-at="2024-09-23T13:19:39 BDT" name="Default suite" finished-at="2024-09-23T13:19:47 BDT" duration-ms="8269">
    <groups>
    </groups>
    <test started-at="2024-09-23T13:19:39 BDT" name="Default test" finished-at="2024-09-23T13:19:47 BDT" duration-ms="8269">
      <class name="paraBankWebsite.WebsiteloginRegister">
        <test-method is-config="true" signature="setup()[pri:0, instance:paraBankWebsite.WebsiteloginRegister@2fd953a6]" started-at="2024-09-23T13:19:39 BDT" name="setup" finished-at="2024-09-23T13:19:44 BDT" duration-ms="4575" status="PASS">
          <reporter-output>
          </reporter-output>
        </test-method> <!-- setup -->
        <test-method signature="register()[pri:0, instance:paraBankWebsite.WebsiteloginRegister@2fd953a6]" started-at="2024-09-23T13:19:44 BDT" name="register" finished-at="2024-09-23T13:19:47 BDT" duration-ms="3486" status="PASS">
          <reporter-output>
          </reporter-output>
        </test-method> <!-- register -->
      </class> <!-- paraBankWebsite.WebsiteloginRegister -->
    </test> <!-- Default test -->
  </suite> <!-- Default suite -->
</testng-results>
